<?xml version="1.0" encoding="UTF-8"?>
<testng-results ignored="0" total="1" passed="1" failed="0" skipped="0">
  <reporter-output>
  </reporter-output>
  <suite started-at="2021-02-05T14:27:12 IST" name="Default suite" finished-at="2021-02-05T14:27:16 IST" duration-ms="3870">
    <groups>
    </groups>
    <test started-at="2021-02-05T14:27:12 IST" name="Default test" finished-at="2021-02-05T14:27:16 IST" duration-ms="3870">
      <class name="RestAssuredAutomation.RestAssuredAutomationEmployeeDetails.GetRequestDemo">
        <test-method signature="getRequest()[pri:0, instance:RestAssuredAutomation.RestAssuredAutomationEmployeeDetails.GetRequestDemo@5b367418]" started-at="2021-02-05T14:27:12 IST" name="getRequest" finished-at="2021-02-05T14:27:16 IST" duration-ms="3778" status="PASS">
          <reporter-output>
          </reporter-output>
        </test-method> <!-- getRequest -->
      </class> <!-- RestAssuredAutomation.RestAssuredAutomationEmployeeDetails.GetRequestDemo -->
    </test> <!-- Default test -->
  </suite> <!-- Default suite -->
</testng-results>
